Arguments: 
  /usr/local/bin/node /Users/hfy/.npm-global/bin/yarn install

PATH: 
  /Library/Frameworks/Python.framework/Versions/3.10/bin:/Users/hfy/.cargo/bin:/usr/local/opt/redis@6.2/bin:/usr/local/bin:/usr/local/sbin:/usr/local/sbin:/usr/local/bin:/usr/sbin:/usr/bin:/sbin:/bin:/Users/oxcoder/.npm-global/bin:/Users/hfy/.npm-global/bin:/usr/local/mvn/bin

Yarn version: 
  1.22.19

Node version: 
  16.20.0

Platform: 
  darwin x64

Trace: 
  Error: http://cloud43.linkingcloudaliyun.cn:4873/@dcloudio%2funi-app: ESOCKETTIMEDOUT
      at ClientRequest.<anonymous> (/Users/hfy/.npm-global/lib/node_modules/yarn/lib/cli.js:141517:19)
      at Object.onceWrapper (node:events:627:28)
      at ClientRequest.emit (node:events:513:28)
      at Socket.emitRequestTimeout (node:_http_client:839:9)
      at Object.onceWrapper (node:events:627:28)
      at Socket.emit (node:events:525:35)
      at Socket._onTimeout (node:net:550:8)
      at listOnTimeout (node:internal/timers:559:17)
      at processTimers (node:internal/timers:502:7)

npm manifest: 
  {
      "name": "uni-preset-vue",
      "version": "0.0.0",
      "scripts": {
          "dev:app": "uni -p app",
          "dev:app-android": "uni -p app-android",
          "dev:app-ios": "uni -p app-ios",
          "dev:custom": "uni -p",
          "dev:h5": "uni",
          "dev:h5:ssr": "uni --ssr",
          "dev:mp-alipay": "uni -p mp-alipay",
          "dev:mp-baidu": "uni -p mp-baidu",
          "dev:mp-jd": "uni -p mp-jd",
          "dev:mp-kuaishou": "uni -p mp-kuaishou",
          "dev:mp-lark": "uni -p mp-lark",
          "dev:mp-qq": "uni -p mp-qq",
          "dev:mp-toutiao": "uni -p mp-toutiao",
          "dev:mp-weixin": "uni -p mp-weixin",
          "dev:quickapp-webview": "uni -p quickapp-webview",
          "dev:quickapp-webview-huawei": "uni -p quickapp-webview-huawei",
          "dev:quickapp-webview-union": "uni -p quickapp-webview-union",
          "build:app": "uni build -p app",
          "build:app-android": "uni build -p app-android",
          "build:app-ios": "uni build -p app-ios",
          "build:custom": "uni build -p",
          "build:h5": "uni build",
          "build:h5:ssr": "uni build --ssr",
          "build:mp-alipay": "uni build -p mp-alipay",
          "build:mp-baidu": "uni build -p mp-baidu",
          "build:mp-jd": "uni build -p mp-jd",
          "build:mp-kuaishou": "uni build -p mp-kuaishou",
          "build:mp-lark": "uni build -p mp-lark",
          "build:mp-qq": "uni build -p mp-qq",
          "build:mp-toutiao": "uni build -p mp-toutiao",
          "build:mp-weixin": "uni build -p mp-weixin",
          "build:quickapp-webview": "uni build -p quickapp-webview",
          "build:quickapp-webview-huawei": "uni build -p quickapp-webview-huawei",
          "build:quickapp-webview-union": "uni build -p quickapp-webview-union",
          "type-check": "vue-tsc --noEmit"
      },
      "dependencies": {
          "@dcloudio/uni-app": "3.0.0-3071120230427001",
          "@dcloudio/uni-app-plus": "3.0.0-3071120230427001",
          "@dcloudio/uni-components": "3.0.0-3071120230427001",
          "@dcloudio/uni-h5": "3.0.0-3071120230427001",
          "@dcloudio/uni-mp-alipay": "3.0.0-3071120230427001",
          "@dcloudio/uni-mp-baidu": "3.0.0-3071120230427001",
          "@dcloudio/uni-mp-jd": "3.0.0-3071120230427001",
          "@dcloudio/uni-mp-kuaishou": "3.0.0-3071120230427001",
          "@dcloudio/uni-mp-lark": "3.0.0-3071120230427001",
          "@dcloudio/uni-mp-qq": "3.0.0-3071120230427001",
          "@dcloudio/uni-mp-toutiao": "3.0.0-3071120230427001",
          "@dcloudio/uni-mp-weixin": "3.0.0-3071120230427001",
          "@dcloudio/uni-quickapp-webview": "3.0.0-3071120230427001",
          "vue": "^3.2.45",
          "vue-i18n": "^9.1.9"
      },
      "devDependencies": {
          "@dcloudio/types": "^3.3.2",
          "@dcloudio/uni-automator": "3.0.0-3071120230427001",
          "@dcloudio/uni-cli-shared": "3.0.0-3071120230427001",
          "@dcloudio/uni-stacktracey": "3.0.0-3071120230427001",
          "@dcloudio/vite-plugin-uni": "3.0.0-3071120230427001",
          "@typescript-eslint/eslint-plugin": "^5.59.5",
          "@typescript-eslint/parser": "^5.59.5",
          "@vitejs/plugin-vue-jsx": "^3.0.1",
          "@vue/tsconfig": "^0.1.3",
          "eslint": "^8.40.0",
          "eslint-config-prettier": "^8.8.0",
          "eslint-plugin-prettier": "^4.2.1",
          "eslint-plugin-vue": "^9.12.0",
          "prettier": "^2.8.8",
          "typescript": "^4.9.4",
          "vite": "4.3.4",
          "vue-tsc": "^1.0.24"
      },
      "lint": "eslint . --ext .vue,.js,.ts,.jsx,.tsx --fix",
      "license": "ISC"
  }

yarn manifest: 
  No manifest

Lockfile: 
  No lockfile
