Arguments: 
  /usr/local/bin/node /Users/hfy/.npm-global/bin/yarn add -g vite

PATH: 
  /Library/Frameworks/Python.framework/Versions/3.10/bin:/Users/hfy/.cargo/bin:/usr/local/opt/redis@6.2/bin:/usr/local/bin:/usr/local/sbin:/usr/local/sbin:/usr/local/bin:/usr/sbin:/usr/bin:/sbin:/bin:/Users/oxcoder/.npm-global/bin:/Users/hfy/.npm-global/bin:/usr/local/mvn/bin

Yarn version: 
  1.22.19

Node version: 
  14.15.0

Platform: 
  darwin x64

Trace: 
  SyntaxError: /Users/hfy/Project/Lib/src/pink-js/package.json: Unexpected token } in JSON at position 762
      at JSON.parse (<anonymous>)
      at /Users/hfy/.npm-global/lib/node_modules/yarn/lib/cli.js:1629:59
      at Generator.next (<anonymous>)
      at step (/Users/hfy/.npm-global/lib/node_modules/yarn/lib/cli.js:310:30)
      at /Users/hfy/.npm-global/lib/node_modules/yarn/lib/cli.js:321:13

npm manifest: 
  {
  	"name": "ipink-js",
  	"version": "1.0.1",
  	"description": "",
  	"main": "index.js",
  	"scripts": {
  		"test": "echo \"Error: no test specified\" && exit 1",
  		"build": "rollup -c rollup.config.js --bundleConfigAsCjs --watch"
  	},
  	"keywords": [],
  	"author": "",
  	"license": "ISC",
  	"devDependencies": {
  		"@babel/core": "^7.19.3",
  		"@babel/preset-env": "^7.19.4",
  		"@babel/preset-typescript": "^7.18.6",
  		"@rollup/plugin-typescript": "^9.0.2",
  		"@types/jest": "^29.1.2",
  		"babel-jest": "^29.1.2",
  		"jest": "^29.1.2",
  		"rollup": "^3.2.3",
  		"unplugin-auto-import": "^0.12.1",
  		"vitest": "^0.27.1",
  		"@vitejs/plugin-vue-jsx": "^3.0.1",
  		"@vue/tsconfig": "^0.1.3",
  		"typescript": "^4.9.4",
  		"vue-tsc": "^1.0.24"
  	},
  	"dependencies": {
  		"vite": "4.1.4",
  	}
  }

yarn manifest: 
  No manifest

Lockfile: 
  No lockfile
